2025-06-03T11:55:07.515+09:00  INFO 12332 --- [Rookiejangter] [restartedMain] c.m.r.RookiejangterApplication           : Starting RookiejangterApplication using Java 17.0.14 with PID 12332 (C:\Users\user\Desktop\rookies-java\project_joongo\backend\build\classes\java\main started by user in C:\Users\user\Desktop\rookies-java\project_joongo\backend)
2025-06-03T11:55:07.517+09:00  INFO 12332 --- [Rookiejangter] [restartedMain] c.m.r.RookiejangterApplication           : The following 1 profile is active: "test"
2025-06-03T11:55:07.554+09:00  INFO 12332 --- [Rookiejangter] [restartedMain] .e.DevToolsPropertyDefaultsPostProcessor : Devtools property defaults active! Set 'spring.devtools.add-properties' to 'false' to disable
2025-06-03T11:55:07.563+09:00  INFO 12332 --- [Rookiejangter] [restartedMain] .e.DevToolsPropertyDefaultsPostProcessor : For additional web related logging consider setting the 'logging.level.web' property to 'DEBUG'
2025-06-03T11:55:08.166+09:00  INFO 12332 --- [Rookiejangter] [restartedMain] .s.d.r.c.RepositoryConfigurationDelegate : Multiple Spring Data modules found, entering strict repository configuration mode
2025-06-03T11:55:08.167+09:00  INFO 12332 --- [Rookiejangter] [restartedMain] .s.d.r.c.RepositoryConfigurationDelegate : Bootstrapping Spring Data Redis repositories in DEFAULT mode.
2025-06-03T11:55:08.184+09:00  INFO 12332 --- [Rookiejangter] [restartedMain] .s.d.r.c.RepositoryConfigurationDelegate : Finished Spring Data repository scanning in 3 ms. Found 0 Redis repository interfaces.
2025-06-03T11:55:08.445+09:00  INFO 12332 --- [Rookiejangter] [restartedMain] .s.d.r.c.RepositoryConfigurationDelegate : Multiple Spring Data modules found, entering strict repository configuration mode
2025-06-03T11:55:08.446+09:00  INFO 12332 --- [Rookiejangter] [restartedMain] .s.d.r.c.RepositoryConfigurationDelegate : Bootstrapping Spring Data JPA repositories in DEFAULT mode.
2025-06-03T11:55:08.584+09:00  INFO 12332 --- [Rookiejangter] [restartedMain] .s.d.r.c.RepositoryConfigurationDelegate : Finished Spring Data repository scanning in 135 ms. Found 18 JPA repository interfaces.
2025-06-03T11:55:08.590+09:00  INFO 12332 --- [Rookiejangter] [restartedMain] .s.d.r.c.RepositoryConfigurationDelegate : Multiple Spring Data modules found, entering strict repository configuration mode
2025-06-03T11:55:08.590+09:00  INFO 12332 --- [Rookiejangter] [restartedMain] .s.d.r.c.RepositoryConfigurationDelegate : Bootstrapping Spring Data Redis repositories in DEFAULT mode.
2025-06-03T11:55:08.597+09:00  INFO 12332 --- [Rookiejangter] [restartedMain] .RepositoryConfigurationExtensionSupport : Spring Data Redis - Could not safely identify store assignment for repository candidate interface com.miniproject.rookiejangter.repository.AreaRepository; If you want this repository to be a Redis repository, consider annotating your entities with one of these annotations: org.springframework.data.redis.core.RedisHash (preferred), or consider extending one of the following types with your repository: org.springframework.data.keyvalue.repository.KeyValueRepository
2025-06-03T11:55:08.599+09:00  INFO 12332 --- [Rookiejangter] [restartedMain] .RepositoryConfigurationExtensionSupport : Spring Data Redis - Could not safely identify store assignment for repository candidate interface com.miniproject.rookiejangter.repository.BanRepository; If you want this repository to be a Redis repository, consider annotating your entities with one of these annotations: org.springframework.data.redis.core.RedisHash (preferred), or consider extending one of the following types with your repository: org.springframework.data.keyvalue.repository.KeyValueRepository
2025-06-03T11:55:08.599+09:00  INFO 12332 --- [Rookiejangter] [restartedMain] .RepositoryConfigurationExtensionSupport : Spring Data Redis - Could not safely identify store assignment for repository candidate interface com.miniproject.rookiejangter.repository.BumpRepository; If you want this repository to be a Redis repository, consider annotating your entities with one of these annotations: org.springframework.data.redis.core.RedisHash (preferred), or consider extending one of the following types with your repository: org.springframework.data.keyvalue.repository.KeyValueRepository
2025-06-03T11:55:08.599+09:00  INFO 12332 --- [Rookiejangter] [restartedMain] .RepositoryConfigurationExtensionSupport : Spring Data Redis - Could not safely identify store assignment for repository candidate interface com.miniproject.rookiejangter.repository.CancelationReasonRepository; If you want this repository to be a Redis repository, consider annotating your entities with one of these annotations: org.springframework.data.redis.core.RedisHash (preferred), or consider extending one of the following types with your repository: org.springframework.data.keyvalue.repository.KeyValueRepository
2025-06-03T11:55:08.599+09:00  INFO 12332 --- [Rookiejangter] [restartedMain] .RepositoryConfigurationExtensionSupport : Spring Data Redis - Could not safely identify store assignment for repository candidate interface com.miniproject.rookiejangter.repository.CancelationRepository; If you want this repository to be a Redis repository, consider annotating your entities with one of these annotations: org.springframework.data.redis.core.RedisHash (preferred), or consider extending one of the following types with your repository: org.springframework.data.keyvalue.repository.KeyValueRepository
2025-06-03T11:55:08.599+09:00  INFO 12332 --- [Rookiejangter] [restartedMain] .RepositoryConfigurationExtensionSupport : Spring Data Redis - Could not safely identify store assignment for repository candidate interface com.miniproject.rookiejangter.repository.CategoryRepository; If you want this repository to be a Redis repository, consider annotating your entities with one of these annotations: org.springframework.data.redis.core.RedisHash (preferred), or consider extending one of the following types with your repository: org.springframework.data.keyvalue.repository.KeyValueRepository
2025-06-03T11:55:08.600+09:00  INFO 12332 --- [Rookiejangter] [restartedMain] .RepositoryConfigurationExtensionSupport : Spring Data Redis - Could not safely identify store assignment for repository candidate interface com.miniproject.rookiejangter.repository.ChatRepository; If you want this repository to be a Redis repository, consider annotating your entities with one of these annotations: org.springframework.data.redis.core.RedisHash (preferred), or consider extending one of the following types with your repository: org.springframework.data.keyvalue.repository.KeyValueRepository
2025-06-03T11:55:08.600+09:00  INFO 12332 --- [Rookiejangter] [restartedMain] .RepositoryConfigurationExtensionSupport : Spring Data Redis - Could not safely identify store assignment for repository candidate interface com.miniproject.rookiejangter.repository.CompleteRepository; If you want this repository to be a Redis repository, consider annotating your entities with one of these annotations: org.springframework.data.redis.core.RedisHash (preferred), or consider extending one of the following types with your repository: org.springframework.data.keyvalue.repository.KeyValueRepository
2025-06-03T11:55:08.600+09:00  INFO 12332 --- [Rookiejangter] [restartedMain] .RepositoryConfigurationExtensionSupport : Spring Data Redis - Could not safely identify store assignment for repository candidate interface com.miniproject.rookiejangter.repository.DibsRepository; If you want this repository to be a Redis repository, consider annotating your entities with one of these annotations: org.springframework.data.redis.core.RedisHash (preferred), or consider extending one of the following types with your repository: org.springframework.data.keyvalue.repository.KeyValueRepository
2025-06-03T11:55:08.600+09:00  INFO 12332 --- [Rookiejangter] [restartedMain] .RepositoryConfigurationExtensionSupport : Spring Data Redis - Could not safely identify store assignment for repository candidate interface com.miniproject.rookiejangter.repository.ImageRepository; If you want this repository to be a Redis repository, consider annotating your entities with one of these annotations: org.springframework.data.redis.core.RedisHash (preferred), or consider extending one of the following types with your repository: org.springframework.data.keyvalue.repository.KeyValueRepository
2025-06-03T11:55:08.600+09:00  INFO 12332 --- [Rookiejangter] [restartedMain] .RepositoryConfigurationExtensionSupport : Spring Data Redis - Could not safely identify store assignment for repository candidate interface com.miniproject.rookiejangter.repository.MessageRepository; If you want this repository to be a Redis repository, consider annotating your entities with one of these annotations: org.springframework.data.redis.core.RedisHash (preferred), or consider extending one of the following types with your repository: org.springframework.data.keyvalue.repository.KeyValueRepository
2025-06-03T11:55:08.600+09:00  INFO 12332 --- [Rookiejangter] [restartedMain] .RepositoryConfigurationExtensionSupport : Spring Data Redis - Could not safely identify store assignment for repository candidate interface com.miniproject.rookiejangter.repository.NotificationRepository; If you want this repository to be a Redis repository, consider annotating your entities with one of these annotations: org.springframework.data.redis.core.RedisHash (preferred), or consider extending one of the following types with your repository: org.springframework.data.keyvalue.repository.KeyValueRepository
2025-06-03T11:55:08.601+09:00  INFO 12332 --- [Rookiejangter] [restartedMain] .RepositoryConfigurationExtensionSupport : Spring Data Redis - Could not safely identify store assignment for repository candidate interface com.miniproject.rookiejangter.repository.ProductRepository; If you want this repository to be a Redis repository, consider annotating your entities with one of these annotations: org.springframework.data.redis.core.RedisHash (preferred), or consider extending one of the following types with your repository: org.springframework.data.keyvalue.repository.KeyValueRepository
2025-06-03T11:55:08.601+09:00  INFO 12332 --- [Rookiejangter] [restartedMain] .RepositoryConfigurationExtensionSupport : Spring Data Redis - Could not safely identify store assignment for repository candidate interface com.miniproject.rookiejangter.repository.ReportReasonRepository; If you want this repository to be a Redis repository, consider annotating your entities with one of these annotations: org.springframework.data.redis.core.RedisHash (preferred), or consider extending one of the following types with your repository: org.springframework.data.keyvalue.repository.KeyValueRepository
2025-06-03T11:55:08.601+09:00  INFO 12332 --- [Rookiejangter] [restartedMain] .RepositoryConfigurationExtensionSupport : Spring Data Redis - Could not safely identify store assignment for repository candidate interface com.miniproject.rookiejangter.repository.ReportRepository; If you want this repository to be a Redis repository, consider annotating your entities with one of these annotations: org.springframework.data.redis.core.RedisHash (preferred), or consider extending one of the following types with your repository: org.springframework.data.keyvalue.repository.KeyValueRepository
2025-06-03T11:55:08.601+09:00  INFO 12332 --- [Rookiejangter] [restartedMain] .RepositoryConfigurationExtensionSupport : Spring Data Redis - Could not safely identify store assignment for repository candidate interface com.miniproject.rookiejangter.repository.ReservationRepository; If you want this repository to be a Redis repository, consider annotating your entities with one of these annotations: org.springframework.data.redis.core.RedisHash (preferred), or consider extending one of the following types with your repository: org.springframework.data.keyvalue.repository.KeyValueRepository
2025-06-03T11:55:08.602+09:00  INFO 12332 --- [Rookiejangter] [restartedMain] .RepositoryConfigurationExtensionSupport : Spring Data Redis - Could not safely identify store assignment for repository candidate interface com.miniproject.rookiejangter.repository.ReviewRepository; If you want this repository to be a Redis repository, consider annotating your entities with one of these annotations: org.springframework.data.redis.core.RedisHash (preferred), or consider extending one of the following types with your repository: org.springframework.data.keyvalue.repository.KeyValueRepository
2025-06-03T11:55:08.602+09:00  INFO 12332 --- [Rookiejangter] [restartedMain] .RepositoryConfigurationExtensionSupport : Spring Data Redis - Could not safely identify store assignment for repository candidate interface com.miniproject.rookiejangter.repository.UserRepository; If you want this repository to be a Redis repository, consider annotating your entities with one of these annotations: org.springframework.data.redis.core.RedisHash (preferred), or consider extending one of the following types with your repository: org.springframework.data.keyvalue.repository.KeyValueRepository
2025-06-03T11:55:08.602+09:00  INFO 12332 --- [Rookiejangter] [restartedMain] .s.d.r.c.RepositoryConfigurationDelegate : Finished Spring Data repository scanning in 11 ms. Found 0 Redis repository interfaces.
2025-06-03T11:55:09.094+09:00  INFO 12332 --- [Rookiejangter] [restartedMain] o.s.b.w.embedded.tomcat.TomcatWebServer  : Tomcat initialized with port 8080 (http)
2025-06-03T11:55:09.103+09:00  INFO 12332 --- [Rookiejangter] [restartedMain] o.apache.catalina.core.StandardService   : Starting service [Tomcat]
2025-06-03T11:55:09.104+09:00  INFO 12332 --- [Rookiejangter] [restartedMain] o.apache.catalina.core.StandardEngine    : Starting Servlet engine: [Apache Tomcat/10.1.41]
2025-06-03T11:55:09.137+09:00  INFO 12332 --- [Rookiejangter] [restartedMain] o.a.c.c.C.[Tomcat].[localhost].[/]       : Initializing Spring embedded WebApplicationContext
2025-06-03T11:55:09.137+09:00  INFO 12332 --- [Rookiejangter] [restartedMain] w.s.c.ServletWebServerApplicationContext : Root WebApplicationContext: initialization completed in 1574 ms
2025-06-03T11:55:09.294+09:00  INFO 12332 --- [Rookiejangter] [restartedMain] o.hibernate.jpa.internal.util.LogHelper  : HHH000204: Processing PersistenceUnitInfo [name: default]
2025-06-03T11:55:09.331+09:00  INFO 12332 --- [Rookiejangter] [restartedMain] org.hibernate.Version                    : HHH000412: Hibernate ORM core version 6.6.15.Final
2025-06-03T11:55:09.358+09:00  INFO 12332 --- [Rookiejangter] [restartedMain] o.h.c.internal.RegionFactoryInitiator    : HHH000026: Second-level cache disabled
2025-06-03T11:55:09.545+09:00  INFO 12332 --- [Rookiejangter] [restartedMain] o.s.o.j.p.SpringPersistenceUnitInfo      : No LoadTimeWeaver setup: ignoring JPA class transformer
2025-06-03T11:55:09.564+09:00  INFO 12332 --- [Rookiejangter] [restartedMain] com.zaxxer.hikari.HikariDataSource       : HikariPool-1 - Starting...
2025-06-03T11:55:09.687+09:00  INFO 12332 --- [Rookiejangter] [restartedMain] com.zaxxer.hikari.pool.HikariPool        : HikariPool-1 - Added connection conn0: url=jdbc:h2:mem:testdb user=SA
2025-06-03T11:55:09.697+09:00  INFO 12332 --- [Rookiejangter] [restartedMain] com.zaxxer.hikari.HikariDataSource       : HikariPool-1 - Start completed.
2025-06-03T11:55:09.713+09:00  WARN 12332 --- [Rookiejangter] [restartedMain] org.hibernate.orm.deprecation            : HHH90000025: H2Dialect does not need to be specified explicitly using 'hibernate.dialect' (remove the property setting and it will be selected by default)
2025-06-03T11:55:09.732+09:00  INFO 12332 --- [Rookiejangter] [restartedMain] org.hibernate.orm.connections.pooling    : HHH10001005: Database info:
	Database JDBC URL [Connecting through datasource 'HikariDataSource (HikariPool-1)']
	Database driver: undefined/unknown
	Database version: 2.3.232
	Autocommit mode: undefined/unknown
	Isolation level: undefined/unknown
	Minimum pool size: undefined/unknown
	Maximum pool size: undefined/unknown
2025-06-03T11:55:10.614+09:00  INFO 12332 --- [Rookiejangter] [restartedMain] o.h.e.t.j.p.i.JtaPlatformInitiator       : HHH000489: No JTA platform available (set 'hibernate.transaction.jta.platform' to enable JTA platform integration)
2025-06-03T11:55:10.692+09:00  INFO 12332 --- [Rookiejangter] [restartedMain] j.LocalContainerEntityManagerFactoryBean : Initialized JPA EntityManagerFactory for persistence unit 'default'
2025-06-03T11:55:11.295+09:00  INFO 12332 --- [Rookiejangter] [restartedMain] o.s.d.j.r.query.QueryEnhancerFactory     : Hibernate is in classpath; If applicable, HQL parser will be used.
2025-06-03T11:55:11.609+09:00  WARN 12332 --- [Rookiejangter] [restartedMain] JpaBaseConfiguration$JpaWebConfiguration : spring.jpa.open-in-view is enabled by default. Therefore, database queries may be performed during view rendering. Explicitly configure spring.jpa.open-in-view to disable this warning
2025-06-03T11:55:11.624+09:00  INFO 12332 --- [Rookiejangter] [restartedMain] r$InitializeUserDetailsManagerConfigurer : Global AuthenticationManager configured with UserDetailsService bean with name customUserDetailsService
2025-06-03T11:55:11.858+09:00  INFO 12332 --- [Rookiejangter] [restartedMain] o.s.b.a.e.web.EndpointLinksResolver      : Exposing 1 endpoint beneath base path '/actuator'
2025-06-03T11:55:12.098+09:00  INFO 12332 --- [Rookiejangter] [restartedMain] o.s.b.a.h2.H2ConsoleAutoConfiguration    : H2 console available at '/h2-console'. Database available at 'jdbc:h2:mem:testdb'
2025-06-03T11:55:12.145+09:00  INFO 12332 --- [Rookiejangter] [restartedMain] o.s.b.d.a.OptionalLiveReloadServer       : LiveReload server is running on port 35729
2025-06-03T11:55:12.194+09:00  INFO 12332 --- [Rookiejangter] [restartedMain] o.s.b.w.embedded.tomcat.TomcatWebServer  : Tomcat started on port 8080 (http) with context path '/'
2025-06-03T11:55:12.205+09:00  INFO 12332 --- [Rookiejangter] [restartedMain] c.m.r.RookiejangterApplication           : Started RookiejangterApplication in 5.026 seconds (process running for 5.476)
2025-06-03T11:55:12.426+09:00  INFO 12332 --- [Rookiejangter] [RMI TCP Connection(2)-192.168.219.104] o.a.c.c.C.[Tomcat].[localhost].[/]       : Initializing Spring DispatcherServlet 'dispatcherServlet'
2025-06-03T11:55:12.427+09:00  INFO 12332 --- [Rookiejangter] [RMI TCP Connection(2)-192.168.219.104] o.s.web.servlet.DispatcherServlet        : Initializing Servlet 'dispatcherServlet'
2025-06-03T11:55:12.428+09:00  INFO 12332 --- [Rookiejangter] [RMI TCP Connection(2)-192.168.219.104] o.s.web.servlet.DispatcherServlet        : Completed initialization in 1 ms
2025-06-03T11:56:50.480+09:00  INFO 12332 --- [Rookiejangter] [SpringApplicationShutdownHook] o.s.b.w.e.tomcat.GracefulShutdown        : Commencing graceful shutdown. Waiting for active requests to complete
2025-06-03T11:56:50.690+09:00  INFO 12332 --- [Rookiejangter] [tomcat-shutdown] o.s.b.w.e.tomcat.GracefulShutdown        : Graceful shutdown complete
2025-06-03T11:56:50.815+09:00  INFO 12332 --- [Rookiejangter] [SpringApplicationShutdownHook] j.LocalContainerEntityManagerFactoryBean : Closing JPA EntityManagerFactory for persistence unit 'default'
2025-06-03T11:56:50.828+09:00  WARN 12332 --- [Rookiejangter] [SpringApplicationShutdownHook] o.s.b.f.support.DisposableBeanAdapter    : Invocation of destroy method failed on bean with name 'inMemoryDatabaseShutdownExecutor': org.h2.jdbc.JdbcSQLNonTransientConnectionException: Database is already closed (to disable automatic closing at VM shutdown, add ";DB_CLOSE_ON_EXIT=FALSE" to the db URL) [90121-232]
2025-06-03T11:56:50.828+09:00  INFO 12332 --- [Rookiejangter] [SpringApplicationShutdownHook] com.zaxxer.hikari.HikariDataSource       : HikariPool-1 - Shutdown initiated...
2025-06-03T11:56:50.829+09:00  INFO 12332 --- [Rookiejangter] [SpringApplicationShutdownHook] com.zaxxer.hikari.HikariDataSource       : HikariPool-1 - Shutdown completed.
